<?xml version="1.0" encoding="UTF-8"?>
<!-- Generated by org.testng.reporters.JUnitReportReporter -->
<testsuite hostname="DESKTOP-52ODAGV" name="org.testing.demo.Demo" tests="1" failures="0" timestamp="16 Jan 2022 07:03:50 GMT" time="0.020" errors="0">
  <testcase name="Demoresult" time="0.020" classname="org.testing.demo.Demo"/>
</testsuite> <!-- org.testing.demo.Demo -->
